{"/home/runner/work/backstage-plugins/backstage-plugins/plugins/quarkus/src/plugin.ts": {"path":"/home/runner/work/backstage-plugins/backstage-plugins/plugins/quarkus/src/plugin.ts","statementMap":{"0":{"start":{"line":7,"column":82},"end":{"line":11,"column":null}},"1":{"start":{"line":12,"column":70},"end":{"line":16,"column":null}},"2":{"start":{"line":17,"column":75},"end":{"line":22,"column":null}}},"fnMap":{},"branchMap":{},"s":{"0":0,"1":0,"2":0},"f":{},"b":{}}
,"/home/runner/work/backstage-plugins/backstage-plugins/plugins/quarkus/src/scaffolder/QuarkusExtensionList.tsx": {"path":"/home/runner/work/backstage-plugins/backstage-plugins/plugins/quarkus/src/scaffolder/QuarkusExtensionList.tsx","statementMap":{"0":{"start":{"line":10,"column":14},"end":{"line":18,"column":1}},"1":{"start":{"line":20,"column":21},"end":{"line":50,"column":1}},"2":{"start":{"line":56,"column":12},"end":{"line":91,"column":1}},"3":{"start":{"line":57,"column":4},"end":{"line":61,"column":3}},"4":{"start":{"line":93,"column":16},"end":{"line":136,"column":1}},"5":{"start":{"line":138,"column":37},"end":{"line":233,"column":1}},"6":{"start":{"line":150,"column":8},"end":{"line":157,"column":null}},"7":{"start":{"line":156,"column":64},"end":{"line":156,"column":73}},"8":{"start":{"line":159,"column":20},"end":{"line":163,"column":null}},"9":{"start":{"line":164,"column":51},"end":{"line":166,"column":null}},"10":{"start":{"line":168,"column":25},"end":{"line":168,"column":null}},"11":{"start":{"line":169,"column":17},"end":{"line":169,"column":51}},"12":{"start":{"line":170,"column":17},"end":{"line":170,"column":null}},"13":{"start":{"line":171,"column":29},"end":{"line":171,"column":84}},"14":{"start":{"line":172,"column":29},"end":{"line":172,"column":84}},"15":{"start":{"line":173,"column":27},"end":{"line":173,"column":78}},"16":{"start":{"line":175,"column":26},"end":{"line":180,"column":null}},"17":{"start":{"line":176,"column":35},"end":{"line":176,"column":null}},"18":{"start":{"line":176,"column":125},"end":{"line":176,"column":null}},"19":{"start":{"line":177,"column":31},"end":{"line":177,"column":null}},"20":{"start":{"line":177,"column":121},"end":{"line":177,"column":null}},"21":{"start":{"line":178,"column":35},"end":{"line":178,"column":null}},"22":{"start":{"line":178,"column":119},"end":{"line":178,"column":null}},"23":{"start":{"line":178,"column":161},"end":{"line":178,"column":null}},"24":{"start":{"line":179,"column":10},"end":{"line":179,"column":null}},"25":{"start":{"line":183,"column":4},"end":{"line":193,"column":null}},"26":{"start":{"line":184,"column":8},"end":{"line":192,"column":null}},"27":{"start":{"line":185,"column":12},"end":{"line":189,"column":null}},"28":{"start":{"line":186,"column":16},"end":{"line":188,"column":null}},"29":{"start":{"line":187,"column":18},"end":{"line":187,"column":null}},"30":{"start":{"line":191,"column":12},"end":{"line":191,"column":null}},"31":{"start":{"line":197,"column":4},"end":{"line":201,"column":null}},"32":{"start":{"line":198,"column":8},"end":{"line":200,"column":null}},"33":{"start":{"line":199,"column":57},"end":{"line":199,"column":69}},"34":{"start":{"line":200,"column":54},"end":{"line":200,"column":66}},"35":{"start":{"line":236,"column":3},"end":{"line":237,"column":null}},"36":{"start":{"line":237,"column":7},"end":{"line":237,"column":null}},"37":{"start":{"line":237,"column":39},"end":{"line":237,"column":58}},"38":{"start":{"line":241,"column":4},"end":{"line":241,"column":null}},"39":{"start":{"line":241,"column":36},"end":{"line":241,"column":null}},"40":{"start":{"line":253,"column":50},"end":{"line":253,"column":52}}},"fnMap":{"0":{"name":"(anonymous_0)","decl":{"start":{"line":56,"column":20},"end":{"line":56,"column":21}},"loc":{"start":{"line":57,"column":4},"end":{"line":61,"column":3}}},"1":{"name":"(anonymous_1)","decl":{"start":{"line":138,"column":37},"end":{"line":138,"column":38}},"loc":{"start":{"line":138,"column":113},"end":{"line":233,"column":1}}},"2":{"name":"(anonymous_2)","decl":{"start":{"line":156,"column":24},"end":{"line":156,"column":25}},"loc":{"start":{"line":156,"column":64},"end":{"line":156,"column":73}}},"3":{"name":"(anonymous_3)","decl":{"start":{"line":175,"column":26},"end":{"line":175,"column":27}},"loc":{"start":{"line":175,"column":27},"end":{"line":180,"column":null}}},"4":{"name":"(anonymous_4)","decl":{"start":{"line":176,"column":116},"end":{"line":176,"column":125}},"loc":{"start":{"line":176,"column":125},"end":{"line":176,"column":null}}},"5":{"name":"(anonymous_5)","decl":{"start":{"line":177,"column":112},"end":{"line":177,"column":121}},"loc":{"start":{"line":177,"column":121},"end":{"line":177,"column":null}}},"6":{"name":"(anonymous_6)","decl":{"start":{"line":178,"column":110},"end":{"line":178,"column":119}},"loc":{"start":{"line":178,"column":119},"end":{"line":178,"column":null}}},"7":{"name":"(anonymous_7)","decl":{"start":{"line":178,"column":150},"end":{"line":178,"column":161}},"loc":{"start":{"line":178,"column":161},"end":{"line":178,"column":null}}},"8":{"name":"(anonymous_8)","decl":{"start":{"line":183,"column":14},"end":{"line":183,"column":null}},"loc":{"start":{"line":183,"column":14},"end":{"line":193,"column":7}}},"9":{"name":"(anonymous_9)","decl":{"start":{"line":184,"column":51},"end":{"line":184,"column":52}},"loc":{"start":{"line":184,"column":52},"end":{"line":190,"column":11}}},"10":{"name":"(anonymous_10)","decl":{"start":{"line":185,"column":34},"end":{"line":185,"column":35}},"loc":{"start":{"line":185,"column":35},"end":{"line":189,"column":null}}},"11":{"name":"(anonymous_11)","decl":{"start":{"line":190,"column":17},"end":{"line":190,"column":18}},"loc":{"start":{"line":190,"column":18},"end":{"line":192,"column":null}}},"12":{"name":"(anonymous_12)","decl":{"start":{"line":197,"column":14},"end":{"line":197,"column":null}},"loc":{"start":{"line":197,"column":14},"end":{"line":201,"column":7}}},"13":{"name":"(anonymous_13)","decl":{"start":{"line":199,"column":20},"end":{"line":199,"column":21}},"loc":{"start":{"line":199,"column":57},"end":{"line":199,"column":69}}},"14":{"name":"(anonymous_14)","decl":{"start":{"line":200,"column":17},"end":{"line":200,"column":18}},"loc":{"start":{"line":200,"column":54},"end":{"line":200,"column":66}}},"15":{"name":"uniqueExtensions","decl":{"start":{"line":235,"column":9},"end":{"line":235,"column":26}},"loc":{"start":{"line":235,"column":60},"end":{"line":238,"column":null}}},"16":{"name":"(anonymous_18)","decl":{"start":{"line":236,"column":28},"end":{"line":236,"column":29}},"loc":{"start":{"line":237,"column":7},"end":{"line":237,"column":null}}},"17":{"name":"(anonymous_19)","decl":{"start":{"line":237,"column":32},"end":{"line":237,"column":33}},"loc":{"start":{"line":237,"column":39},"end":{"line":237,"column":58}}},"18":{"name":"sortExtensions","decl":{"start":{"line":240,"column":9},"end":{"line":240,"column":24}},"loc":{"start":{"line":240,"column":58},"end":{"line":242,"column":null}}},"19":{"name":"(anonymous_21)","decl":{"start":{"line":241,"column":27},"end":{"line":241,"column":28}},"loc":{"start":{"line":241,"column":36},"end":{"line":241,"column":null}}}},"branchMap":{"0":{"loc":{"start":{"line":153,"column":22},"end":{"line":153,"column":145}},"type":"cond-expr","locations":[{"start":{"line":153,"column":74},"end":{"line":153,"column":143}},{"start":{"line":153,"column":143},"end":{"line":153,"column":145}}]},"1":{"loc":{"start":{"line":153,"column":22},"end":{"line":153,"column":74}},"type":"binary-expr","locations":[{"start":{"line":153,"column":22},"end":{"line":153,"column":43}},{"start":{"line":153,"column":43},"end":{"line":153,"column":74}}]},"2":{"loc":{"start":{"line":168,"column":25},"end":{"line":168,"column":null}},"type":"binary-expr","locations":[{"start":{"line":168,"column":25},"end":{"line":168,"column":75}},{"start":{"line":168,"column":75},"end":{"line":168,"column":null}}]},"3":{"loc":{"start":{"line":168,"column":26},"end":{"line":168,"column":41}},"type":"binary-expr","locations":[{"start":{"line":168,"column":26},"end":{"line":168,"column":38}},{"start":{"line":168,"column":38},"end":{"line":168,"column":41}}]},"4":{"loc":{"start":{"line":170,"column":17},"end":{"line":170,"column":null}},"type":"binary-expr","locations":[{"start":{"line":170,"column":17},"end":{"line":170,"column":59}},{"start":{"line":170,"column":59},"end":{"line":170,"column":null}}]},"5":{"loc":{"start":{"line":170,"column":18},"end":{"line":170,"column":33}},"type":"binary-expr","locations":[{"start":{"line":170,"column":18},"end":{"line":170,"column":30}},{"start":{"line":170,"column":30},"end":{"line":170,"column":33}}]},"6":{"loc":{"start":{"line":171,"column":29},"end":{"line":171,"column":84}},"type":"binary-expr","locations":[{"start":{"line":171,"column":29},"end":{"line":171,"column":82}},{"start":{"line":171,"column":82},"end":{"line":171,"column":84}}]},"7":{"loc":{"start":{"line":172,"column":29},"end":{"line":172,"column":84}},"type":"binary-expr","locations":[{"start":{"line":172,"column":29},"end":{"line":172,"column":82}},{"start":{"line":172,"column":82},"end":{"line":172,"column":84}}]},"8":{"loc":{"start":{"line":173,"column":27},"end":{"line":173,"column":78}},"type":"binary-expr","locations":[{"start":{"line":173,"column":27},"end":{"line":173,"column":76}},{"start":{"line":173,"column":76},"end":{"line":173,"column":78}}]},"9":{"loc":{"start":{"line":176,"column":35},"end":{"line":176,"column":null}},"type":"binary-expr","locations":[{"start":{"line":176,"column":35},"end":{"line":176,"column":58}},{"start":{"line":176,"column":58},"end":{"line":176,"column":92}},{"start":{"line":176,"column":92},"end":{"line":176,"column":null}}]},"10":{"loc":{"start":{"line":176,"column":125},"end":{"line":176,"column":null}},"type":"binary-expr","locations":[{"start":{"line":176,"column":125},"end":{"line":176,"column":136}},{"start":{"line":176,"column":140},"end":{"line":176,"column":null}}]},"11":{"loc":{"start":{"line":177,"column":31},"end":{"line":177,"column":null}},"type":"binary-expr","locations":[{"start":{"line":177,"column":31},"end":{"line":177,"column":54}},{"start":{"line":177,"column":54},"end":{"line":177,"column":88}},{"start":{"line":177,"column":88},"end":{"line":177,"column":null}}]},"12":{"loc":{"start":{"line":178,"column":35},"end":{"line":178,"column":null}},"type":"binary-expr","locations":[{"start":{"line":178,"column":35},"end":{"line":178,"column":56}},{"start":{"line":178,"column":56},"end":{"line":178,"column":88}},{"start":{"line":178,"column":88},"end":{"line":178,"column":null}}]},"13":{"loc":{"start":{"line":178,"column":119},"end":{"line":178,"column":null}},"type":"binary-expr","locations":[{"start":{"line":178,"column":119},"end":{"line":178,"column":130}},{"start":{"line":178,"column":134},"end":{"line":178,"column":null}}]},"14":{"loc":{"start":{"line":179,"column":17},"end":{"line":179,"column":null}},"type":"binary-expr","locations":[{"start":{"line":179,"column":17},"end":{"line":179,"column":37}},{"start":{"line":179,"column":37},"end":{"line":179,"column":57}},{"start":{"line":179,"column":57},"end":{"line":179,"column":null}}]},"15":{"loc":{"start":{"line":186,"column":16},"end":{"line":188,"column":null}},"type":"if","locations":[{"start":{"line":186,"column":16},"end":{"line":188,"column":null}}]},"16":{"loc":{"start":{"line":208,"column":19},"end":{"line":208,"column":null}},"type":"binary-expr","locations":[{"start":{"line":208,"column":19},"end":{"line":208,"column":32}},{"start":{"line":208,"column":32},"end":{"line":208,"column":57}},{"start":{"line":208,"column":57},"end":{"line":208,"column":null}}]},"17":{"loc":{"start":{"line":213,"column":63},"end":{"line":213,"column":null}},"type":"cond-expr","locations":[{"start":{"line":213,"column":73},"end":{"line":213,"column":85}},{"start":{"line":213,"column":85},"end":{"line":213,"column":null}}]},"18":{"loc":{"start":{"line":215,"column":28},"end":{"line":215,"column":39}},"type":"binary-expr","locations":[{"start":{"line":215,"column":28},"end":{"line":215,"column":39}}]},"19":{"loc":{"start":{"line":220,"column":17},"end":{"line":229,"column":null}},"type":"cond-expr","locations":[{"start":{"line":221,"column":20},"end":{"line":229,"column":null}},{"start":{"line":229,"column":20},"end":{"line":229,"column":null}}]}},"s":{"0":0,"1":0,"2":0,"3":0,"4":0,"5":0,"6":0,"7":0,"8":0,"9":0,"10":0,"11":0,"12":0,"13":0,"14":0,"15":0,"16":0,"17":0,"18":0,"19":0,"20":0,"21":0,"22":0,"23":0,"24":0,"25":0,"26":0,"27":0,"28":0,"29":0,"30":0,"31":0,"32":0,"33":0,"34":0,"35":0,"36":0,"37":0,"38":0,"39":0,"40":0},"f":{"0":0,"1":0,"2":0,"3":0,"4":0,"5":0,"6":0,"7":0,"8":0,"9":0,"10":0,"11":0,"12":0,"13":0,"14":0,"15":0,"16":0,"17":0,"18":0,"19":0},"b":{"0":[0,0],"1":[0,0],"2":[0,0],"3":[0,0],"4":[0,0],"5":[0,0],"6":[0,0],"7":[0,0],"8":[0,0],"9":[0,0,0],"10":[0,0],"11":[0,0,0],"12":[0,0,0],"13":[0,0],"14":[0,0,0],"15":[0],"16":[0,0,0],"17":[0,0],"18":[0],"19":[0,0]}}
,"/home/runner/work/backstage-plugins/backstage-plugins/plugins/quarkus/src/scaffolder/QuarkusQuickstartPicker.tsx": {"path":"/home/runner/work/backstage-plugins/backstage-plugins/plugins/quarkus/src/scaffolder/QuarkusQuickstartPicker.tsx","statementMap":{"0":{"start":{"line":9,"column":18},"end":{"line":53,"column":null}},"1":{"start":{"line":9,"column":41},"end":{"line":53,"column":null}},"2":{"start":{"line":54,"column":40},"end":{"line":112,"column":1}},"3":{"start":{"line":55,"column":18},"end":{"line":55,"column":31}},"4":{"start":{"line":63,"column":6},"end":{"line":69,"column":null}},"5":{"start":{"line":68,"column":32},"end":{"line":68,"column":null}},"6":{"start":{"line":71,"column":2},"end":{"line":79,"column":null}},"7":{"start":{"line":72,"column":6},"end":{"line":78,"column":null}},"8":{"start":{"line":73,"column":8},"end":{"line":77,"column":null}},"9":{"start":{"line":74,"column":56},"end":{"line":74,"column":null}},"10":{"start":{"line":76,"column":10},"end":{"line":76,"column":null}},"11":{"start":{"line":83,"column":2},"end":{"line":87,"column":null}},"12":{"start":{"line":84,"column":4},"end":{"line":86,"column":null}},"13":{"start":{"line":85,"column":6},"end":{"line":85,"column":null}},"14":{"start":{"line":114,"column":37},"end":{"line":114,"column":40}},"15":{"start":{"line":116,"column":41},"end":{"line":120,"column":2}},"16":{"start":{"line":117,"column":1},"end":{"line":119,"column":null}},"17":{"start":{"line":117,"column":46},"end":{"line":117,"column":69}},"18":{"start":{"line":118,"column":5},"end":{"line":118,"column":null}}},"fnMap":{"0":{"name":"(anonymous_0)","decl":{"start":{"line":9,"column":29},"end":{"line":9,"column":30}},"loc":{"start":{"line":9,"column":41},"end":{"line":53,"column":null}}},"1":{"name":"(anonymous_1)","decl":{"start":{"line":54,"column":40},"end":{"line":54,"column":41}},"loc":{"start":{"line":54,"column":104},"end":{"line":112,"column":1}}},"2":{"name":"(anonymous_2)","decl":{"start":{"line":68,"column":20},"end":{"line":68,"column":21}},"loc":{"start":{"line":68,"column":32},"end":{"line":68,"column":null}}},"3":{"name":"(anonymous_3)","decl":{"start":{"line":71,"column":12},"end":{"line":71,"column":null}},"loc":{"start":{"line":71,"column":12},"end":{"line":79,"column":5}}},"4":{"name":"(anonymous_4)","decl":{"start":{"line":72,"column":92},"end":{"line":72,"column":93}},"loc":{"start":{"line":72,"column":93},"end":{"line":78,"column":null}}},"5":{"name":"(anonymous_5)","decl":{"start":{"line":74,"column":16},"end":{"line":74,"column":17}},"loc":{"start":{"line":74,"column":56},"end":{"line":74,"column":null}}},"6":{"name":"(anonymous_6)","decl":{"start":{"line":75,"column":17},"end":{"line":75,"column":18}},"loc":{"start":{"line":75,"column":18},"end":{"line":77,"column":null}}},"7":{"name":"(anonymous_7)","decl":{"start":{"line":83,"column":12},"end":{"line":83,"column":null}},"loc":{"start":{"line":83,"column":12},"end":{"line":87,"column":5}}},"8":{"name":"(anonymous_9)","decl":{"start":{"line":116,"column":41},"end":{"line":116,"column":42}},"loc":{"start":{"line":116,"column":57},"end":{"line":120,"column":2}}},"9":{"name":"(anonymous_10)","decl":{"start":{"line":117,"column":30},"end":{"line":117,"column":31}},"loc":{"start":{"line":117,"column":46},"end":{"line":117,"column":69}}}},"branchMap":{"0":{"loc":{"start":{"line":74,"column":56},"end":{"line":74,"column":null}},"type":"binary-expr","locations":[{"start":{"line":74,"column":56},"end":{"line":74,"column":76}},{"start":{"line":74,"column":76},"end":{"line":74,"column":null}}]},"1":{"loc":{"start":{"line":84,"column":4},"end":{"line":86,"column":null}},"type":"if","locations":[{"start":{"line":84,"column":4},"end":{"line":86,"column":null}}]},"2":{"loc":{"start":{"line":94,"column":13},"end":{"line":94,"column":null}},"type":"binary-expr","locations":[{"start":{"line":94,"column":13},"end":{"line":94,"column":26}},{"start":{"line":94,"column":26},"end":{"line":94,"column":51}},{"start":{"line":94,"column":51},"end":{"line":94,"column":null}}]},"3":{"loc":{"start":{"line":102,"column":11},"end":{"line":108,"column":null}},"type":"cond-expr","locations":[{"start":{"line":103,"column":12},"end":{"line":108,"column":null}},{"start":{"line":108,"column":14},"end":{"line":108,"column":null}}]},"4":{"loc":{"start":{"line":117,"column":1},"end":{"line":119,"column":null}},"type":"if","locations":[{"start":{"line":117,"column":1},"end":{"line":119,"column":null}}]}},"s":{"0":0,"1":0,"2":0,"3":0,"4":0,"5":0,"6":0,"7":0,"8":0,"9":0,"10":0,"11":0,"12":0,"13":0,"14":0,"15":0,"16":0,"17":0,"18":0},"f":{"0":0,"1":0,"2":0,"3":0,"4":0,"5":0,"6":0,"7":0,"8":0,"9":0},"b":{"0":[0,0],"1":[0],"2":[0,0,0],"3":[0,0],"4":[0]}}
,"/home/runner/work/backstage-plugins/backstage-plugins/plugins/quarkus/src/scaffolder/QuarkusVersionList.tsx": {"path":"/home/runner/work/backstage-plugins/backstage-plugins/plugins/quarkus/src/scaffolder/QuarkusVersionList.tsx","statementMap":{"0":{"start":{"line":60,"column":13},"end":{"line":60,"column":31}},"1":{"start":{"line":108,"column":0},"end":{"line":108,"column":15}},"2":{"start":{"line":1,"column":18},"end":{"line":1,"column":null}},"3":{"start":{"line":2,"column":24},"end":{"line":2,"column":null}},"4":{"start":{"line":4,"column":43},"end":{"line":4,"column":null}},"5":{"start":{"line":5,"column":21},"end":{"line":5,"column":null}},"6":{"start":{"line":40,"column":16},"end":{"line":40,"column":null}},"7":{"start":{"line":41,"column":4},"end":{"line":47,"column":null}},"8":{"start":{"line":42,"column":8},"end":{"line":42,"column":null}},"9":{"start":{"line":43,"column":11},"end":{"line":47,"column":null}},"10":{"start":{"line":44,"column":8},"end":{"line":44,"column":null}},"11":{"start":{"line":46,"column":8},"end":{"line":46,"column":null}},"12":{"start":{"line":51,"column":29},"end":{"line":51,"column":null}},"13":{"start":{"line":52,"column":4},"end":{"line":56,"column":null}},"14":{"start":{"line":53,"column":8},"end":{"line":55,"column":null}},"15":{"start":{"line":54,"column":12},"end":{"line":54,"column":null}},"16":{"start":{"line":57,"column":4},"end":{"line":57,"column":null}},"17":{"start":{"line":60,"column":34},"end":{"line":106,"column":null}},"18":{"start":{"line":66,"column":8},"end":{"line":66,"column":null}},"19":{"start":{"line":68,"column":27},"end":{"line":68,"column":null}},"20":{"start":{"line":69,"column":26},"end":{"line":69,"column":57}},"21":{"start":{"line":71,"column":29},"end":{"line":80,"column":null}},"22":{"start":{"line":72,"column":25},"end":{"line":72,"column":null}},"23":{"start":{"line":73,"column":24},"end":{"line":73,"column":null}},"24":{"start":{"line":75,"column":35},"end":{"line":75,"column":null}},"25":{"start":{"line":76,"column":8},"end":{"line":76,"column":null}},"26":{"start":{"line":77,"column":8},"end":{"line":77,"column":null}},"27":{"start":{"line":79,"column":8},"end":{"line":79,"column":null}},"28":{"start":{"line":82,"column":39},"end":{"line":84,"column":null}},"29":{"start":{"line":83,"column":38},"end":{"line":83,"column":null}},"30":{"start":{"line":86,"column":4},"end":{"line":105,"column":null}},"31":{"start":{"line":87,"column":8},"end":{"line":87,"column":null}},"32":{"start":{"line":99,"column":24},"end":{"line":99,"column":null}},"33":{"start":{"line":108,"column":15},"end":{"line":108,"column":34}}},"fnMap":{"0":{"name":"userLabel","decl":{"start":{"line":39,"column":9},"end":{"line":39,"column":19}},"loc":{"start":{"line":39,"column":29},"end":{"line":48,"column":null}}},"1":{"name":"findRecommendedVersion","decl":{"start":{"line":50,"column":9},"end":{"line":50,"column":32}},"loc":{"start":{"line":50,"column":51},"end":{"line":58,"column":null}}},"2":{"name":"(anonymous_6)","decl":{"start":{"line":52,"column":21},"end":{"line":52,"column":22}},"loc":{"start":{"line":52,"column":22},"end":{"line":56,"column":null}}},"3":{"name":"(anonymous_7)","decl":{"start":{"line":60,"column":34},"end":{"line":60,"column":35}},"loc":{"start":{"line":60,"column":35},"end":{"line":106,"column":null}}},"4":{"name":"(anonymous_8)","decl":{"start":{"line":71,"column":38},"end":{"line":71,"column":null}},"loc":{"start":{"line":71,"column":38},"end":{"line":80,"column":null}}},"5":{"name":"(anonymous_9)","decl":{"start":{"line":83,"column":21},"end":{"line":83,"column":22}},"loc":{"start":{"line":83,"column":38},"end":{"line":83,"column":null}}},"6":{"name":"(anonymous_10)","decl":{"start":{"line":98,"column":30},"end":{"line":98,"column":null}},"loc":{"start":{"line":98,"column":30},"end":{"line":100,"column":null}}}},"branchMap":{"0":{"loc":{"start":{"line":41,"column":4},"end":{"line":47,"column":null}},"type":"if","locations":[{"start":{"line":41,"column":4},"end":{"line":47,"column":null}},{"start":{"line":43,"column":11},"end":{"line":47,"column":null}}]},"1":{"loc":{"start":{"line":43,"column":11},"end":{"line":47,"column":null}},"type":"if","locations":[{"start":{"line":43,"column":11},"end":{"line":47,"column":null}},{"start":{"line":45,"column":11},"end":{"line":47,"column":null}}]},"2":{"loc":{"start":{"line":53,"column":8},"end":{"line":55,"column":null}},"type":"if","locations":[{"start":{"line":53,"column":8},"end":{"line":55,"column":null}}]},"3":{"loc":{"start":{"line":77,"column":8},"end":{"line":77,"column":null}},"type":"cond-expr","locations":[{"start":{"line":77,"column":33},"end":{"line":77,"column":44}},{"start":{"line":77,"column":44},"end":{"line":77,"column":null}}]},"4":{"loc":{"start":{"line":77,"column":53},"end":{"line":77,"column":116}},"type":"cond-expr","locations":[{"start":{"line":77,"column":81},"end":{"line":77,"column":102}},{"start":{"line":77,"column":102},"end":{"line":77,"column":116}}]},"5":{"loc":{"start":{"line":82,"column":39},"end":{"line":84,"column":null}},"type":"cond-expr","locations":[{"start":{"line":83,"column":10},"end":{"line":83,"column":null}},{"start":{"line":84,"column":10},"end":{"line":84,"column":null}}]},"6":{"loc":{"start":{"line":86,"column":4},"end":{"line":105,"column":null}},"type":"if","locations":[{"start":{"line":86,"column":4},"end":{"line":105,"column":null}},{"start":{"line":88,"column":11},"end":{"line":105,"column":null}}]},"7":{"loc":{"start":{"line":93,"column":23},"end":{"line":93,"column":null}},"type":"binary-expr","locations":[{"start":{"line":93,"column":23},"end":{"line":93,"column":48}},{"start":{"line":93,"column":48},"end":{"line":93,"column":null}}]},"8":{"loc":{"start":{"line":99,"column":40},"end":{"line":99,"column":null}},"type":"cond-expr","locations":[{"start":{"line":99,"column":59},"end":{"line":99,"column":63}},{"start":{"line":99,"column":66},"end":{"line":99,"column":null}}]}},"s":{"0":1,"1":0,"2":1,"3":1,"4":1,"5":1,"6":3,"7":3,"8":1,"9":2,"10":1,"11":1,"12":1,"13":1,"14":3,"15":1,"16":1,"17":1,"18":3,"19":2,"20":2,"21":2,"22":1,"23":1,"24":1,"25":1,"26":1,"27":1,"28":2,"29":3,"30":2,"31":1,"32":0,"33":1},"f":{"0":3,"1":1,"2":3,"3":3,"4":1,"5":3,"6":0},"b":{"0":[1,2],"1":[1,1],"2":[1],"3":[0,1],"4":[1,0],"5":[1,1],"6":[1,1],"7":[1,0],"8":[0,0]}}
}
