TN:
SF:src/plugin.ts
FNF:0
FNH:0
DA:7,0
DA:12,0
DA:17,0
LF:3
LH:0
BRF:0
BRH:0
end_of_record
TN:
SF:src/scaffolder/QuarkusExtensionList.tsx
FN:56,(anonymous_0)
FN:138,(anonymous_1)
FN:156,(anonymous_2)
FN:175,(anonymous_3)
FN:176,(anonymous_4)
FN:177,(anonymous_5)
FN:178,(anonymous_6)
FN:178,(anonymous_7)
FN:183,(anonymous_8)
FN:184,(anonymous_9)
FN:185,(anonymous_10)
FN:190,(anonymous_11)
FN:197,(anonymous_12)
FN:199,(anonymous_13)
FN:200,(anonymous_14)
FN:235,uniqueExtensions
FN:236,(anonymous_18)
FN:237,(anonymous_19)
FN:240,sortExtensions
FN:241,(anonymous_21)
FNF:20
FNH:0
FNDA:0,(anonymous_0)
FNDA:0,(anonymous_1)
FNDA:0,(anonymous_2)
FNDA:0,(anonymous_3)
FNDA:0,(anonymous_4)
FNDA:0,(anonymous_5)
FNDA:0,(anonymous_6)
FNDA:0,(anonymous_7)
FNDA:0,(anonymous_8)
FNDA:0,(anonymous_9)
FNDA:0,(anonymous_10)
FNDA:0,(anonymous_11)
FNDA:0,(anonymous_12)
FNDA:0,(anonymous_13)
FNDA:0,(anonymous_14)
FNDA:0,uniqueExtensions
FNDA:0,(anonymous_18)
FNDA:0,(anonymous_19)
FNDA:0,sortExtensions
FNDA:0,(anonymous_21)
DA:10,0
DA:20,0
DA:56,0
DA:57,0
DA:93,0
DA:138,0
DA:150,0
DA:156,0
DA:159,0
DA:164,0
DA:168,0
DA:169,0
DA:170,0
DA:171,0
DA:172,0
DA:173,0
DA:175,0
DA:176,0
DA:177,0
DA:178,0
DA:179,0
DA:183,0
DA:184,0
DA:185,0
DA:186,0
DA:187,0
DA:191,0
DA:197,0
DA:198,0
DA:199,0
DA:200,0
DA:236,0
DA:237,0
DA:241,0
DA:253,0
LF:35
LH:0
BRDA:153,0,0,0
BRDA:153,0,1,0
BRDA:153,1,0,0
BRDA:153,1,1,0
BRDA:168,2,0,0
BRDA:168,2,1,0
BRDA:168,3,0,0
BRDA:168,3,1,0
BRDA:170,4,0,0
BRDA:170,4,1,0
BRDA:170,5,0,0
BRDA:170,5,1,0
BRDA:171,6,0,0
BRDA:171,6,1,0
BRDA:172,7,0,0
BRDA:172,7,1,0
BRDA:173,8,0,0
BRDA:173,8,1,0
BRDA:176,9,0,0
BRDA:176,9,1,0
BRDA:176,9,2,0
BRDA:176,10,0,0
BRDA:176,10,1,0
BRDA:177,11,0,0
BRDA:177,11,1,0
BRDA:177,11,2,0
BRDA:178,12,0,0
BRDA:178,12,1,0
BRDA:178,12,2,0
BRDA:178,13,0,0
BRDA:178,13,1,0
BRDA:179,14,0,0
BRDA:179,14,1,0
BRDA:179,14,2,0
BRDA:186,15,0,0
BRDA:208,16,0,0
BRDA:208,16,1,0
BRDA:208,16,2,0
BRDA:213,17,0,0
BRDA:213,17,1,0
BRDA:215,18,0,0
BRDA:220,19,0,0
BRDA:220,19,1,0
BRF:43
BRH:0
end_of_record
TN:
SF:src/scaffolder/QuarkusQuickstartPicker.tsx
FN:9,(anonymous_0)
FN:54,(anonymous_1)
FN:68,(anonymous_2)
FN:71,(anonymous_3)
FN:72,(anonymous_4)
FN:74,(anonymous_5)
FN:75,(anonymous_6)
FN:83,(anonymous_7)
FN:116,(anonymous_9)
FN:117,(anonymous_10)
FNF:10
FNH:0
FNDA:0,(anonymous_0)
FNDA:0,(anonymous_1)
FNDA:0,(anonymous_2)
FNDA:0,(anonymous_3)
FNDA:0,(anonymous_4)
FNDA:0,(anonymous_5)
FNDA:0,(anonymous_6)
FNDA:0,(anonymous_7)
FNDA:0,(anonymous_9)
FNDA:0,(anonymous_10)
DA:9,0
DA:54,0
DA:55,0
DA:63,0
DA:68,0
DA:71,0
DA:72,0
DA:73,0
DA:74,0
DA:76,0
DA:83,0
DA:84,0
DA:85,0
DA:114,0
DA:116,0
DA:117,0
DA:118,0
LF:17
LH:0
BRDA:74,0,0,0
BRDA:74,0,1,0
BRDA:84,1,0,0
BRDA:94,2,0,0
BRDA:94,2,1,0
BRDA:94,2,2,0
BRDA:102,3,0,0
BRDA:102,3,1,0
BRDA:117,4,0,0
BRF:9
BRH:0
end_of_record
TN:
SF:src/scaffolder/QuarkusVersionList.tsx
FN:39,userLabel
FN:50,findRecommendedVersion
FN:52,(anonymous_6)
FN:60,(anonymous_7)
FN:71,(anonymous_8)
FN:83,(anonymous_9)
FN:98,(anonymous_10)
FNF:7
FNH:6
FNDA:3,userLabel
FNDA:1,findRecommendedVersion
FNDA:3,(anonymous_6)
FNDA:3,(anonymous_7)
FNDA:1,(anonymous_8)
FNDA:3,(anonymous_9)
FNDA:0,(anonymous_10)
DA:1,1
DA:2,1
DA:4,1
DA:5,1
DA:40,3
DA:41,3
DA:42,1
DA:43,2
DA:44,1
DA:46,1
DA:51,1
DA:52,1
DA:53,3
DA:54,1
DA:57,1
DA:60,1
DA:66,3
DA:68,2
DA:69,2
DA:71,2
DA:72,1
DA:73,1
DA:75,1
DA:76,1
DA:77,1
DA:79,1
DA:82,2
DA:83,3
DA:86,2
DA:87,1
DA:99,0
DA:108,1
LF:32
LH:31
BRDA:41,0,0,1
BRDA:41,0,1,2
BRDA:43,1,0,1
BRDA:43,1,1,1
BRDA:53,2,0,1
BRDA:77,3,0,0
BRDA:77,3,1,1
BRDA:77,4,0,1
BRDA:77,4,1,0
BRDA:82,5,0,1
BRDA:82,5,1,1
BRDA:86,6,0,1
BRDA:86,6,1,1
BRDA:93,7,0,1
BRDA:93,7,1,0
BRDA:99,8,0,0
BRDA:99,8,1,0
BRF:17
BRH:12
end_of_record
